[19:50:46] [main/INFO] (FabricLoader/GameProvider) Loading Minecraft 1.21.11 with Fabric Loader 0.18.4
[19:50:47] [main/INFO] (FabricLoader) Loading 51 mods:
	- copyright 1.0.1
	- fabric-api 0.141.2+1.21.11
	- fabric-api-base 1.0.5+4ebb5c083e
	- fabric-api-lookup-api-v1 1.6.113+1fb1cde93e
	- fabric-biome-api-v1 17.1.1+4fc5413f3e
	- fabric-block-api-v1 1.1.10+4ebb5c083e
	- fabric-block-view-api-v2 1.0.39+4ebb5c083e
	- fabric-client-gametest-api-v1 4.3.5+bfe9fcf43e
	- fabric-command-api-v2 2.4.7+6b42a6003e
	- fabric-content-registries-v0 10.2.14+4fc5413f3e
	- fabric-convention-tags-v1 2.1.55+7f945d5b3e
	- fabric-convention-tags-v2 2.17.3+8ef948ba3e
	- fabric-crash-report-info-v1 0.3.23+4ebb5c083e
	- fabric-data-attachment-api-v1 1.8.47+eed0806f3e
	- fabric-data-generation-api-v1 23.4.0+69974c4e3e
	- fabric-dimensions-v1 4.0.28+4fc5413f3e
	- fabric-entity-events-v1 3.1.1+1d0ab4303e
	- fabric-events-interaction-v0 4.1.0+3b89ecf63e
	- fabric-game-rule-api-v1 2.0.3+4fc5413f3e
	- fabric-gametest-api-v1 3.1.27+4fc5413f3e
	- fabric-item-api-v1 11.5.20+d0c46b9e3e
	- fabric-item-group-api-v1 4.2.36+4fc5413f3e
	- fabric-key-binding-api-v1 1.1.7+4fc5413f3e
	- fabric-lifecycle-events-v1 2.6.15+4ebb5c083e
	- fabric-loot-api-v2 3.0.73+3f89f5a53e
	- fabric-loot-api-v3 2.0.20+78c8b4663e
	- fabric-message-api-v1 6.1.12+4ebb5c083e
	- fabric-model-loading-api-v1 6.0.14+4fc5413f3e
	- fabric-networking-api-v1 5.1.5+ae1e07683e
	- fabric-object-builder-api-v1 21.1.39+4fc5413f3e
	- fabric-particles-v1 4.2.11+4fc5413f3e
	- fabric-recipe-api-v1 8.2.3+4ebb5c083e
	- fabric-registry-sync-v0 6.2.5+1718722b3e
	- fabric-renderer-api-v1 8.0.2+f4ffd2e53e
	- fabric-renderer-indigo 5.0.2+f4ffd2e53e
	- fabric-rendering-fluids-v1 3.1.43+4ebb5c083e
	- fabric-rendering-v1 16.2.9+7edacff13e
	- fabric-resource-conditions-api-v1 5.0.35+4fc5413f3e
	- fabric-resource-loader-v0 3.3.4+4fc5413f3e
	- fabric-resource-loader-v1 1.0.10+78c8b4663e
	- fabric-screen-api-v1 3.1.7+4ebb5c083e
	- fabric-screen-handler-api-v1 1.3.161+4fc5413f3e
	- fabric-serialization-api-v1 1.0.5+4ebb5c083e
	- fabric-sound-api-v1 1.0.51+4fc5413f3e
	- fabric-tag-api-v1 1.2.20+4fc5413f3e
	- fabric-transfer-api-v1 6.0.24+4fc5413f3e
	- fabric-transitive-access-wideners-v1 7.1.0+014c8cec3e
	- fabricloader 0.18.4
	- java 21
	- minecraft 1.21.11
	- mixinextras 0.5.0
[19:50:47] [main/INFO] (FabricLoader/Mixin) SpongePowered MIXIN Subsystem Version=0.8.7 Source=file:/C:/Users/LunaDev/.gradle/caches/modules-2/files-2.1/net.fabricmc/sponge-mixin/0.17.0+mixin.0.8.7/cf31463202f72d03b0ef1e1e38e8ee71b7faaab6/sponge-mixin-0.17.0+mixin.0.8.7.jar Service=Knot/Fabric Env=CLIENT
[19:50:48] [main/INFO] (FabricLoader/Mixin) Loaded Fabric development mappings for mixin remapper!
[19:50:48] [main/INFO] (FabricLoader/Mixin) Compatibility level set to JAVA_21
[19:50:51] [main/INFO] (FabricLoader/MixinExtras|Service) Initializing MixinExtras via com.llamalad7.mixinextras.service.MixinExtrasServiceImpl(version=0.5.0).
[19:50:53] [Datafixer Bootstrap/INFO] (Minecraft) 287 Datafixer optimizations took 782 milliseconds
[19:51:08] [Render thread/INFO] (Minecraft) Environment: Environment[sessionHost=https://sessionserver.mojang.com, servicesHost=https://api.minecraftservices.com, profilesHost=https://api.mojang.com, name=PROD]
[19:51:08] [Render thread/INFO] (Minecraft) Setting user: Player562
[19:51:09] [Render thread/INFO] (Indigo) [Indigo] Registering Indigo renderer!
[19:51:10] [Download-2/ERROR] (Minecraft) Failed to fetch user properties
com.mojang.authlib.exceptions.InvalidCredentialsException: Status: 401
	at knot//com.mojang.authlib.exceptions.MinecraftClientHttpException.toAuthenticationException(MinecraftClientHttpException.java:59)
	at knot//com.mojang.authlib.yggdrasil.YggdrasilUserApiService.fetchProperties(YggdrasilUserApiService.java:150)
	at knot//net.minecraft.client.MinecraftClient.method_55608(MinecraftClient.java:457)
	at java.base/java.util.concurrent.CompletableFuture$AsyncSupply.run$$$capture(CompletableFuture.java:1768)
	at java.base/java.util.concurrent.CompletableFuture$AsyncSupply.run(CompletableFuture.java)
	at java.base/java.util.concurrent.ThreadPoolExecutor.runWorker(ThreadPoolExecutor.java:1144)
	at java.base/java.util.concurrent.ThreadPoolExecutor$Worker.run(ThreadPoolExecutor.java:642)
	at java.base/java.lang.Thread.run(Thread.java:1583)
Caused by: com.mojang.authlib.exceptions.MinecraftClientHttpException: Status: 401
	at knot//com.mojang.authlib.minecraft.client.MinecraftClient.readInputStream(MinecraftClient.java:103)
	at knot//com.mojang.authlib.minecraft.client.MinecraftClient.get(MinecraftClient.java:56)
	at knot//com.mojang.authlib.yggdrasil.YggdrasilUserApiService.fetchProperties(YggdrasilUserApiService.java:121)
	... 6 more
[19:51:10] [Render thread/INFO] (Minecraft) Backend library: LWJGL version 3.3.3-snapshot
[19:51:12] [Render thread/INFO] (Minecraft) Using optional rendering extensions: GL_ARB_buffer_storage, GL_KHR_debug, GL_ARB_vertex_attrib_binding, GL_ARB_direct_state_access, GL_EXT_texture_filter_anisotropic
[19:51:13] [Render thread/INFO] (Minecraft) Reloading ResourceManager: vanilla, copyright, fabric-api, fabric-api-base, fabric-api-lookup-api-v1, fabric-biome-api-v1, fabric-block-api-v1, fabric-block-view-api-v2, fabric-client-gametest-api-v1, fabric-command-api-v2, fabric-content-registries-v0, fabric-convention-tags-v1, fabric-convention-tags-v2, fabric-crash-report-info-v1, fabric-data-attachment-api-v1, fabric-data-generation-api-v1, fabric-dimensions-v1, fabric-entity-events-v1, fabric-events-interaction-v0, fabric-game-rule-api-v1, fabric-gametest-api-v1, fabric-item-api-v1, fabric-item-group-api-v1, fabric-key-binding-api-v1, fabric-lifecycle-events-v1, fabric-loot-api-v2, fabric-loot-api-v3, fabric-message-api-v1, fabric-model-loading-api-v1, fabric-networking-api-v1, fabric-object-builder-api-v1, fabric-particles-v1, fabric-recipe-api-v1, fabric-registry-sync-v0, fabric-renderer-api-v1, fabric-renderer-indigo, fabric-rendering-fluids-v1, fabric-rendering-v1, fabric-resource-conditions-api-v1, fabric-resource-loader-v0, fabric-resource-loader-v1, fabric-screen-api-v1, fabric-screen-handler-api-v1, fabric-serialization-api-v1, fabric-sound-api-v1, fabric-tag-api-v1, fabric-transfer-api-v1, fabric-transitive-access-wideners-v1, fabricloader
[19:51:14] [Worker-Main-24/INFO] (Minecraft) Found unifont_all_no_pua-17.0.01.hex, loading
[19:51:14] [Worker-Main-25/INFO] (Minecraft) Found unifont_pua-17.0.01.hex, loading
[19:51:14] [Worker-Main-26/INFO] (Minecraft) Found unifont_jp_patch-17.0.01.hex, loading
[19:51:14] [Render thread/INFO] (Minecraft) [STDOUT]: [42m[30m[1m ProxyConfig: proxy.json loaded successfully! [0m
[19:51:14] [Render thread/INFO] (Minecraft) [STDOUT]: [44m[97m[1m DragConfig: No config file found, using defaults. [0m
[19:51:14] [Download-2/INFO] (Minecraft) Could not authorize you against Realms server: java.lang.RuntimeException: Failed to parse into SignedJWT: FabricMC
[19:51:14] [Download-2/ERROR] (Minecraft) Failed to fetch Realms feature flags
net.minecraft.client.realms.exception.RealmsServiceException: Realms authentication error with message 'java.lang.RuntimeException: Failed to parse into SignedJWT: FabricMC'
	at knot//net.minecraft.client.realms.RealmsClient.execute(RealmsClient.java:526)
	at knot//net.minecraft.client.realms.RealmsClient.fetchFeatureFlags(RealmsClient.java:186)
	at java.base/java.util.concurrent.CompletableFuture$AsyncSupply.run$$$capture(CompletableFuture.java:1768)
	at java.base/java.util.concurrent.CompletableFuture$AsyncSupply.run(CompletableFuture.java)
	at java.base/java.util.concurrent.ThreadPoolExecutor.runWorker(ThreadPoolExecutor.java:1144)
	at java.base/java.util.concurrent.ThreadPoolExecutor$Worker.run(ThreadPoolExecutor.java:642)
	at java.base/java.lang.Thread.run(Thread.java:1583)
[19:51:15] [Render thread/INFO] (Minecraft) [STDOUT]: [44m[97m[1m DragConfig: No config file found, using defaults. [0m
[19:51:16] [Render thread/INFO] (Minecraft) [STDOUT]: [42m[30m[1m AutoConfiguration: autoconfig.json loaded successfully! [0m
[19:51:16] [Render thread/INFO] (Minecraft) [STDOUT]: [44m[97m[1m AutoConfiguration: AutoSaver started (interval: 90s) [0m
[19:51:16] [Render thread/INFO] (Minecraft) [STDOUT]: [42m[30m[1m AutoConfiguration: System initialized! [0m
[19:51:17] [Render thread/INFO] (rich/FontRenderer) Registered font: bold -> bold
[19:51:17] [Render thread/INFO] (rich/FontRenderer) Registered font: icons -> icons
[19:51:17] [Render thread/INFO] (rich/FontRenderer) Registered font: iconstypetho -> iconstypetho
[19:51:17] [Render thread/INFO] (rich/FontRenderer) Registered font: guiicons -> guiicons
[19:51:17] [Render thread/INFO] (rich/FontRenderer) Registered font: hudicons -> hudicons
[19:51:17] [Render thread/INFO] (rich/FontRenderer) Registered font: categoryicons -> categoryicons
[19:51:17] [Render thread/INFO] (rich/FontRenderer) Registered font: default -> default
[19:51:17] [Render thread/INFO] (rich/FontRenderer) Registered font: regular -> regular
[19:51:17] [Render thread/INFO] (rich/FontRenderer) Registered font: test -> test
[19:51:17] [Render thread/INFO] (rich/FontRenderer) Registered font: inter -> inter
[19:51:17] [Render thread/INFO] (rich/FontRenderer) Registered font: regularnew -> regularnew
[19:51:17] [Render thread/INFO] (rich/FontRenderer) Registered font: mainmenuicons -> mainmenuicons
[19:51:17] [Render thread/INFO] (rich/FontRenderer) Initializing 12 fonts...
[19:51:17] [Render thread/INFO] (rich/Font) Atlas: 2048.0x2048.0, size=64.0, distanceRange=6.0, yOrigin=bottom
[19:51:17] [Render thread/INFO] (rich/Font) Loaded font: rich:fonts/default.json with 140 glyphs
[19:51:17] [Render thread/INFO] (rich/Font) Atlas: 4096.0x4096.0, size=96.0, distanceRange=8.0, yOrigin=bottom
[19:51:17] [Render thread/INFO] (rich/Font) Loaded font: rich:fonts/categoryicons.json with 13 glyphs
[19:51:17] [Render thread/INFO] (rich/Font) Atlas: 4096.0x4096.0, size=64.0, distanceRange=6.0, yOrigin=bottom
[19:51:17] [Render thread/INFO] (rich/Font) Loaded font: rich:fonts/test.json with 965 glyphs
[19:51:17] [Render thread/WARN] (rich/Font) Font JSON not found: rich:fonts/inter.json
[19:51:17] [Render thread/INFO] (rich/Font) Atlas: 4096.0x4096.0, size=96.0, distanceRange=8.0, yOrigin=bottom
[19:51:17] [Render thread/INFO] (rich/Font) Loaded font: rich:fonts/mainmenuicons.json with 6 glyphs
[19:51:17] [Render thread/INFO] (rich/Font) Atlas: 4096.0x4096.0, size=96.0, distanceRange=8.0, yOrigin=bottom
[19:51:17] [Render thread/INFO] (rich/Font) Loaded font: rich:fonts/guiicons.json with 26 glyphs
[19:51:17] [Render thread/INFO] (rich/Font) Atlas: 2048.0x2048.0, size=64.0, distanceRange=6.0, yOrigin=bottom
[19:51:17] [Render thread/INFO] (rich/Font) Loaded font: rich:fonts/regularnew.json with 142 glyphs
[19:51:17] [Render thread/INFO] (rich/Font) Atlas: 444.0x444.0, size=32.15625, distanceRange=15.0, yOrigin=bottom
[19:51:17] [Render thread/INFO] (rich/Font) Loaded font: rich:fonts/bold.json with 140 glyphs
[19:51:17] [Render thread/INFO] (rich/Font) Atlas: 4096.0x4096.0, size=96.0, distanceRange=8.0, yOrigin=bottom
[19:51:17] [Render thread/INFO] (rich/Font) Loaded font: rich:fonts/iconstypetho.json with 26 glyphs
[19:51:17] [Render thread/INFO] (rich/Font) Atlas: 4096.0x4096.0, size=96.0, distanceRange=8.0, yOrigin=bottom
[19:51:17] [Render thread/INFO] (rich/Font) Loaded font: rich:fonts/icons.json with 22 glyphs
[19:51:17] [Render thread/INFO] (rich/Font) Atlas: 4096.0x4096.0, size=96.0, distanceRange=8.0, yOrigin=bottom
[19:51:17] [Render thread/INFO] (rich/Font) Loaded font: rich:fonts/hudicons.json with 25 glyphs
[19:51:17] [Render thread/INFO] (rich/Font) Atlas: 2048.0x2048.0, size=64.0, distanceRange=6.0, yOrigin=bottom
[19:51:17] [Render thread/INFO] (rich/Font) Loaded font: rich:fonts/regular.json with 54 glyphs
[19:51:17] [Render thread/INFO] (rich/FontRenderer) All fonts initialized in 160ms
[19:51:17] [Render thread/INFO] (rich/FontInitializer) Fonts initialized successfully
[19:51:17] [Render thread/ERROR] (Minecraft) Couldn't find source for VERTEX shader (rich:core/texture)
[19:51:17] [Render thread/ERROR] (Minecraft) Couldn't find source for FRAGMENT shader (rich:core/texture)
[19:51:17] [Render thread/ERROR] (Minecraft) Couldn't compile pipeline rich:pipeline/texture: vertex shader rich:core/texture was invalid
[19:51:17] [Render thread/ERROR] (Minecraft) Couldn't find source for VERTEX shader (rich:core/msdf)
[19:51:17] [Render thread/ERROR] (Minecraft) Couldn't find source for FRAGMENT shader (rich:core/msdf)
[19:51:17] [Render thread/ERROR] (Minecraft) Couldn't compile pipeline rich:pipeline/msdf: vertex shader rich:core/msdf was invalid
[19:51:18] [Render thread/INFO] (Minecraft) OpenAL initialized on device OpenAL Soft on Динамики (High Definition Audio Device)
[19:51:18] [Render thread/INFO] (Minecraft) Sound engine started
[19:51:18] [Render thread/INFO] (Minecraft) Created: 512x256x0 minecraft:textures/atlas/particles.png-atlas
[19:51:18] [Render thread/INFO] (Minecraft) Created: 128x128x0 minecraft:textures/atlas/decorated_pot.png-atlas
[19:51:18] [Render thread/INFO] (Minecraft) Created: 2048x1024x0 minecraft:textures/atlas/armor_trims.png-atlas
[19:51:18] [Render thread/INFO] (Minecraft) Created: 512x256x0 minecraft:textures/atlas/paintings.png-atlas
[19:51:18] [Render thread/INFO] (Minecraft) Created: 1024x512x0 minecraft:textures/atlas/shield_patterns.png-atlas
[19:51:18] [Render thread/INFO] (Minecraft) Created: 2048x2048x4 minecraft:textures/atlas/blocks.png-atlas
[19:51:18] [Render thread/INFO] (Minecraft) Created: 512x512x0 minecraft:textures/atlas/chest.png-atlas
[19:51:18] [Render thread/INFO] (Minecraft) Created: 256x128x0 minecraft:textures/atlas/celestials.png-atlas
[19:51:18] [Render thread/INFO] (Minecraft) Created: 1024x512x0 minecraft:textures/atlas/banner_patterns.png-atlas
[19:51:18] [Render thread/INFO] (Minecraft) Created: 512x512x0 minecraft:textures/atlas/beds.png-atlas
[19:51:18] [Render thread/INFO] (Minecraft) Created: 1024x512x0 minecraft:textures/atlas/items.png-atlas
[19:51:18] [Render thread/INFO] (Minecraft) Created: 1024x1024x0 minecraft:textures/atlas/gui.png-atlas
[19:51:18] [Render thread/INFO] (Minecraft) Created: 128x64x0 minecraft:textures/atlas/map_decorations.png-atlas
[19:51:18] [Render thread/INFO] (Minecraft) Created: 512x256x0 minecraft:textures/atlas/signs.png-atlas
[19:51:18] [Render thread/INFO] (Minecraft) Created: 512x512x0 minecraft:textures/atlas/shulker_boxes.png-atlas
[19:51:19] [Render thread/INFO] (Minecraft) [STDOUT]: [42m[30m[1m AccountConfig: accounts.json loaded successfully! [0m
[19:52:46] [Rich-ConfigAutoSaver/INFO] (Minecraft) [STDOUT]: [42m[30m[1m AutoConfiguration: autoconfig.json saved successfully! [0m
[19:54:16] [Rich-ConfigAutoSaver/INFO] (Minecraft) [STDOUT]: [42m[30m[1m AutoConfiguration: autoconfig.json saved successfully! [0m
[19:54:29] [Render thread/INFO] (Minecraft) Connecting to d19.aurorix.net, 25526
[19:54:30] [Download-4/ERROR] (Minecraft) Failed to retrieve profile key pair
com.mojang.authlib.exceptions.MinecraftClientHttpException: Status: 401
	at knot//com.mojang.authlib.minecraft.client.MinecraftClient.readInputStream(MinecraftClient.java:103)
	at knot//com.mojang.authlib.minecraft.client.MinecraftClient.post(MinecraftClient.java:64)
	at knot//com.mojang.authlib.yggdrasil.YggdrasilUserApiService.getKeyPair(YggdrasilUserApiService.java:61)
	at knot//net.minecraft.client.session.ProfileKeysImpl.fetchKeyPair(ProfileKeysImpl.java:128)
	at knot//net.minecraft.client.session.ProfileKeysImpl.method_44291(ProfileKeysImpl.java:77)
	at java.base/java.util.concurrent.CompletableFuture$AsyncSupply.run$$$capture(CompletableFuture.java:1768)
	at java.base/java.util.concurrent.CompletableFuture$AsyncSupply.run(CompletableFuture.java)
	at java.base/java.util.concurrent.ThreadPoolExecutor.runWorker(ThreadPoolExecutor.java:1144)
	at java.base/java.util.concurrent.ThreadPoolExecutor$Worker.run(ThreadPoolExecutor.java:642)
	at java.base/java.lang.Thread.run(Thread.java:1583)
[19:54:32] [Render thread/INFO] (Minecraft) [System] [CHAT] Идет проверка, пожалуйста, подождите...
[19:54:32] [Render thread/INFO] (Minecraft) Resizing Dynamic Transforms UBO, capacity limit of 2 reached during a single frame. New capacity will be 4.
[19:54:32] [Render thread/INFO] (Minecraft) Resizing Dynamic Transforms UBO, capacity limit of 4 reached during a single frame. New capacity will be 8.
[19:54:35] [Render thread/INFO] (Minecraft) [System] [CHAT] \nВведите пожалуйста капчу в чат\n
[19:54:42] [Render thread/INFO] (Minecraft) [System] [CHAT]  Проверка прошла успешно, добро пожаловать!
[19:54:44] [Render thread/INFO] (Minecraft) [System] [CHAT] ᴀᴜᴛʜ » Авторизируйтесь командой /login <пароль>
[19:54:45] [Render thread/INFO] (Minecraft) [System] [CHAT] ᴀᴜᴛʜ » Авторизируйтесь командой /login <пароль>
[19:54:48] [Render thread/INFO] (Minecraft) [System] [CHAT] ᴀᴜᴛʜ » Авторизируйтесь командой /login <пароль>
[19:54:50] [Render thread/INFO] (Minecraft) [System] [CHAT] ᴀᴜᴛʜ » Вы успешно авторизовались
[19:55:15] [Render thread/INFO] (Minecraft) Loaded 63 advancements
[19:55:15] [Render thread/INFO] (Minecraft) Resizing Dynamic Transforms UBO, capacity limit of 8 reached during a single frame. New capacity will be 16.
[19:55:16] [Render thread/INFO] (Minecraft) Resizing Chunk Sections UBO, capacity limit of 2 reached during a single frame. New capacity will be 4.
[19:55:16] [Render thread/INFO] (Minecraft) Resizing Chunk Sections UBO, capacity limit of 4 reached during a single frame. New capacity will be 8.
[19:55:17] [Render thread/INFO] (Minecraft) Resizing Chunk Sections UBO, capacity limit of 8 reached during a single frame. New capacity will be 16.
[19:55:17] [Render thread/INFO] (Minecraft) Resizing Chunk Sections UBO, capacity limit of 16 reached during a single frame. New capacity will be 32.
[19:55:18] [Render thread/INFO] (Minecraft) Resizing Chunk Sections UBO, capacity limit of 32 reached during a single frame. New capacity will be 64.
[19:55:24] [Render thread/INFO] (Minecraft) Resizing Chunk Sections UBO, capacity limit of 64 reached during a single frame. New capacity will be 128.
[19:55:28] [Render thread/INFO] (Minecraft) Resizing Chunk Sections UBO, capacity limit of 128 reached during a single frame. New capacity will be 256.
[19:55:38] [Render thread/INFO] (Minecraft) Resizing Chunk Sections UBO, capacity limit of 256 reached during a single frame. New capacity will be 512.
[19:55:46] [Rich-ConfigAutoSaver/INFO] (Minecraft) [STDOUT]: [42m[30m[1m AutoConfiguration: autoconfig.json saved successfully! [0m
[19:56:08] [Render thread/INFO] (Minecraft) Resizing Chunk Sections UBO, capacity limit of 512 reached during a single frame. New capacity will be 1024.
[19:57:16] [Rich-ConfigAutoSaver/INFO] (Minecraft) [STDOUT]: [42m[30m[1m AutoConfiguration: autoconfig.json saved successfully! [0m
[19:57:39] [Render thread/INFO] (Minecraft) [STDOUT]: [42m[30m[1m AccountConfig: accounts.json loaded successfully! [0m
[19:57:52] [Render thread/INFO] (Minecraft) [STDOUT]: [42m[30m[1m AccountConfig: accounts.json saved successfully! [0m
[19:57:52] [Render thread/INFO] (Minecraft) [STDOUT]: [42m[30m[1m AccountConfig: accounts.json saved successfully! [0m
[19:57:53] [Render thread/INFO] (Minecraft) [STDOUT]: [42m[30m[1m AccountConfig: accounts.json saved successfully! [0m
[19:57:53] [Render thread/INFO] (Minecraft) [STDOUT]: [42m[30m[1m AccountConfig: accounts.json saved successfully! [0m
[19:57:53] [Render thread/INFO] (Minecraft) [STDOUT]: [42m[30m[1m AccountConfig: accounts.json saved successfully! [0m
[19:57:56] [Render thread/INFO] (Minecraft) Connecting to d19.aurorix.net, 25526
[19:57:57] [Render thread/INFO] (Minecraft) [System] [CHAT] Идет проверка, пожалуйста, подождите...
[19:57:57] [Download-6/ERROR] (Minecraft) Failed to retrieve profile key pair
com.mojang.authlib.exceptions.MinecraftClientHttpException: Status: 401
	at knot//com.mojang.authlib.minecraft.client.MinecraftClient.readInputStream(MinecraftClient.java:103)
	at knot//com.mojang.authlib.minecraft.client.MinecraftClient.post(MinecraftClient.java:64)
	at knot//com.mojang.authlib.yggdrasil.YggdrasilUserApiService.getKeyPair(YggdrasilUserApiService.java:61)
	at knot//net.minecraft.client.session.ProfileKeysImpl.fetchKeyPair(ProfileKeysImpl.java:128)
	at knot//net.minecraft.client.session.ProfileKeysImpl.method_44291(ProfileKeysImpl.java:77)
	at java.base/java.util.concurrent.CompletableFuture$AsyncSupply.run$$$capture(CompletableFuture.java:1768)
	at java.base/java.util.concurrent.CompletableFuture$AsyncSupply.run(CompletableFuture.java)
	at java.base/java.util.concurrent.ThreadPoolExecutor.runWorker(ThreadPoolExecutor.java:1144)
	at java.base/java.util.concurrent.ThreadPoolExecutor$Worker.run(ThreadPoolExecutor.java:642)
	at java.base/java.lang.Thread.run(Thread.java:1583)
[19:58:00] [Render thread/INFO] (Minecraft) [System] [CHAT] \nВведите пожалуйста капчу в чат\n
[19:58:08] [Render thread/INFO] (Minecraft) [System] [CHAT]  Проверка прошла успешно, добро пожаловать!
[19:58:09] [Render thread/INFO] (Minecraft) [System] [CHAT] ᴀᴜᴛʜ » Авторизируйтесь командой /login <пароль>
[19:58:12] [Render thread/INFO] (Minecraft) [System] [CHAT] ᴀᴜᴛʜ » Авторизируйтесь командой /login <пароль>
[19:58:12] [Render thread/INFO] (Minecraft) [System] [CHAT] ᴀᴜᴛʜ » Вы успешно авторизовались
[19:58:13] [Render thread/WARN] (Minecraft) Ignoring player info update for unknown player c9d744ed-3425-3164-81be-7c09a759e4f0 ([UPDATE_DISPLAY_NAME])
[19:58:13] [Render thread/INFO] (Minecraft) Loaded 79 advancements
[19:58:28] [Render thread/INFO] (Minecraft) [System] [CHAT] ---»--*--------------------------------*--«---
[19:58:28] [Render thread/INFO] (Minecraft) [System] [CHAT] /grim alerts - Включить/выключить оповещения
[19:58:28] [Render thread/INFO] (Minecraft) [System] [CHAT] /grim profile <игрок> - Просмотреть информацию об игроке
[19:58:28] [Render thread/INFO] (Minecraft) [System] [CHAT] /grim help - Просмотреть это сообщение помощи
[19:58:28] [Render thread/INFO] (Minecraft) [System] [CHAT] /grim debug <игрок> - Вывод прогноза разработчика
[19:58:28] [Render thread/INFO] (Minecraft) [System] [CHAT] /grim perf - Вывод производительности Grim для разработчиков
[19:58:28] [Render thread/INFO] (Minecraft) [System] [CHAT] /grim reload - Перезагружает конфигурацию
[19:58:28] [Render thread/INFO] (Minecraft) [System] [CHAT] /grim spectate <игрок> - Наблюдать за игроком
[19:58:28] [Render thread/INFO] (Minecraft) [System] [CHAT] /grim verbose - Показывает все флаги без буферов
[19:58:28] [Render thread/INFO] (Minecraft) [System] [CHAT] /grim log [0-255] - Загружает журнал отладки для флагов предсказания
[19:58:28] [Render thread/INFO] (Minecraft) [System] [CHAT] /grim history <игрок> [страница] - Показывает предыдущие оповещения для игрока
[19:58:28] [Render thread/INFO] (Minecraft) [System] [CHAT] /grim cancel <игрок> - Отключить игроку следующие 30 ударов
[19:58:28] [Render thread/INFO] (Minecraft) [System] [CHAT] /grim reduce <игрок> - Уменьшить урон игроку на 100 ударов
[19:58:28] [Render thread/INFO] (Minecraft) [System] [CHAT] /grim kick <игрок> - Наказать игрока
[19:58:28] [Render thread/INFO] (Minecraft) [System] [CHAT] /grim shuffle <игрок> - Перетасовать хотбар игрока
[19:58:28] [Render thread/INFO] (Minecraft) [System] [CHAT] /grim shuffleinv <игрок> - Перетасовать инвентарь игрока
[19:58:28] [Render thread/INFO] (Minecraft) [System] [CHAT] /grim rotate <игрок> - Изменить ротацию игрока
[19:58:28] [Render thread/INFO] (Minecraft) [System] [CHAT] /grim timeout <игрок> <задержка> <причина> - Кикнуть игрока с задержкой
[19:58:28] [Render thread/INFO] (Minecraft) [System] [CHAT] /grim crash <игрок>  - Крашнуть игрока
[19:58:28] [Render thread/INFO] (Minecraft) [System] [CHAT] /grim checkinfo <проверка>  - Посмотреть информацию о проверке
[19:58:28] [Render thread/INFO] (Minecraft) [System] [CHAT] /grim npc <ник> <время>  - Создать игроку фейкогого игрока
[19:58:28] [Render thread/INFO] (Minecraft) [System] [CHAT] ---»--*---------------------------------*--«--
[19:58:33] [Render thread/INFO] (Minecraft) [System] [CHAT] TPS from last 5s, 1m, 5m, 15m: 20.0, 20.0, 20.0, 20.0
[19:58:46] [Rich-ConfigAutoSaver/INFO] (Minecraft) [STDOUT]: [42m[30m[1m AutoConfiguration: autoconfig.json saved successfully! [0m
[19:59:40] [Render thread/INFO] (Minecraft) [System] [CHAT] Unknown command. Type "/help" for help.
[19:59:43] [Render thread/INFO] (Minecraft) [System] [CHAT] 1. Advanced -  ☬\n2. Newbie - Will give you some stuff for money and expCan be used every X minutes ☬\n3. Ad -  ☬
[20:00:16] [Rich-ConfigAutoSaver/INFO] (Minecraft) [STDOUT]: [42m[30m[1m AutoConfiguration: autoconfig.json saved successfully! [0m
[20:00:42] [Render thread/WARN] (Minecraft) Client disconnected with reason: You were kicked from duels: An internal server connection error occurred.
[20:00:59] [Render thread/INFO] (Minecraft) Connecting to d19.aurorix.net, 25526
[20:01:00] [Download-8/ERROR] (Minecraft) Failed to retrieve profile key pair
com.mojang.authlib.exceptions.MinecraftClientHttpException: Status: 401
	at knot//com.mojang.authlib.minecraft.client.MinecraftClient.readInputStream(MinecraftClient.java:103)
	at knot//com.mojang.authlib.minecraft.client.MinecraftClient.post(MinecraftClient.java:64)
	at knot//com.mojang.authlib.yggdrasil.YggdrasilUserApiService.getKeyPair(YggdrasilUserApiService.java:61)
	at knot//net.minecraft.client.session.ProfileKeysImpl.fetchKeyPair(ProfileKeysImpl.java:128)
	at knot//net.minecraft.client.session.ProfileKeysImpl.method_44291(ProfileKeysImpl.java:77)
	at java.base/java.util.concurrent.CompletableFuture$AsyncSupply.run$$$capture(CompletableFuture.java:1768)
	at java.base/java.util.concurrent.CompletableFuture$AsyncSupply.run(CompletableFuture.java)
	at java.base/java.util.concurrent.ThreadPoolExecutor.runWorker(ThreadPoolExecutor.java:1144)
	at java.base/java.util.concurrent.ThreadPoolExecutor$Worker.run(ThreadPoolExecutor.java:642)
	at java.base/java.lang.Thread.run(Thread.java:1583)
[20:01:00] [Render thread/INFO] (Minecraft) [System] [CHAT] You are already trying to connect to a server!
[20:01:00] [Render thread/INFO] (Minecraft) Loaded 79 advancements
[20:01:46] [Rich-ConfigAutoSaver/INFO] (Minecraft) [STDOUT]: [42m[30m[1m AutoConfiguration: autoconfig.json saved successfully! [0m
[20:02:05] [Render thread/WARN] (Minecraft) Client disconnected with reason: You were kicked from duels: An internal server connection error occurred.
[20:02:12] [Render thread/INFO] (Minecraft) Connecting to d19.aurorix.net, 25526
[20:02:12] [Download-9/ERROR] (Minecraft) Failed to retrieve profile key pair
com.mojang.authlib.exceptions.MinecraftClientHttpException: Status: 401
	at knot//com.mojang.authlib.minecraft.client.MinecraftClient.readInputStream(MinecraftClient.java:103)
	at knot//com.mojang.authlib.minecraft.client.MinecraftClient.post(MinecraftClient.java:64)
	at knot//com.mojang.authlib.yggdrasil.YggdrasilUserApiService.getKeyPair(YggdrasilUserApiService.java:61)
	at knot//net.minecraft.client.session.ProfileKeysImpl.fetchKeyPair(ProfileKeysImpl.java:128)
	at knot//net.minecraft.client.session.ProfileKeysImpl.method_44291(ProfileKeysImpl.java:77)
	at java.base/java.util.concurrent.CompletableFuture$AsyncSupply.run$$$capture(CompletableFuture.java:1768)
	at java.base/java.util.concurrent.CompletableFuture$AsyncSupply.run(CompletableFuture.java)
	at java.base/java.util.concurrent.ThreadPoolExecutor.runWorker(ThreadPoolExecutor.java:1144)
	at java.base/java.util.concurrent.ThreadPoolExecutor$Worker.run(ThreadPoolExecutor.java:642)
	at java.base/java.lang.Thread.run(Thread.java:1583)
[20:02:15] [Render thread/WARN] (Minecraft) Ignoring player info update for unknown player c9d744ed-3425-3164-81be-7c09a759e4f0 ([UPDATE_DISPLAY_NAME])
[20:02:15] [Render thread/INFO] (Minecraft) Loaded 79 advancements
[20:03:16] [Rich-ConfigAutoSaver/INFO] (Minecraft) [STDOUT]: [42m[30m[1m AutoConfiguration: autoconfig.json saved successfully! [0m
[20:04:46] [Rich-ConfigAutoSaver/INFO] (Minecraft) [STDOUT]: [42m[30m[1m AutoConfiguration: autoconfig.json saved successfully! [0m
[20:06:16] [Rich-ConfigAutoSaver/INFO] (Minecraft) [STDOUT]: [42m[30m[1m AutoConfiguration: autoconfig.json saved successfully! [0m
[20:07:46] [Rich-ConfigAutoSaver/INFO] (Minecraft) [STDOUT]: [42m[30m[1m AutoConfiguration: autoconfig.json saved successfully! [0m
[20:09:16] [Rich-ConfigAutoSaver/INFO] (Minecraft) [STDOUT]: [42m[30m[1m AutoConfiguration: autoconfig.json saved successfully! [0m
[20:10:46] [Rich-ConfigAutoSaver/INFO] (Minecraft) [STDOUT]: [42m[30m[1m AutoConfiguration: autoconfig.json saved successfully! [0m
[20:12:16] [Rich-ConfigAutoSaver/INFO] (Minecraft) [STDOUT]: [42m[30m[1m AutoConfiguration: autoconfig.json saved successfully! [0m
[20:13:46] [Rich-ConfigAutoSaver/INFO] (Minecraft) [STDOUT]: [42m[30m[1m AutoConfiguration: autoconfig.json saved successfully! [0m
[20:15:16] [Rich-ConfigAutoSaver/INFO] (Minecraft) [STDOUT]: [42m[30m[1m AutoConfiguration: autoconfig.json saved successfully! [0m
[20:16:04] [Render thread/INFO] (Minecraft) [System] [CHAT] GrimAC version 2.9.73
[20:16:04] [Render thread/INFO] (Minecraft) [System] [CHAT] Libre simulation anticheat designed for 1.21 with 1.8-1.21 support, powered by PacketEvents 2.0.
[20:16:04] [Render thread/INFO] (Minecraft) [System] [CHAT] Website: https://grim.ac/
[20:16:04] [Render thread/INFO] (Minecraft) [System] [CHAT] Author: GrimAC
[20:16:46] [Rich-ConfigAutoSaver/INFO] (Minecraft) [STDOUT]: [42m[30m[1m AutoConfiguration: autoconfig.json saved successfully! [0m
[20:18:16] [Rich-ConfigAutoSaver/INFO] (Minecraft) [STDOUT]: [42m[30m[1m AutoConfiguration: autoconfig.json saved successfully! [0m
[20:19:46] [Rich-ConfigAutoSaver/INFO] (Minecraft) [STDOUT]: [42m[30m[1m AutoConfiguration: autoconfig.json saved successfully! [0m
[20:21:16] [Rich-ConfigAutoSaver/INFO] (Minecraft) [STDOUT]: [42m[30m[1m AutoConfiguration: autoconfig.json saved successfully! [0m
[20:22:46] [Rich-ConfigAutoSaver/INFO] (Minecraft) [STDOUT]: [42m[30m[1m AutoConfiguration: autoconfig.json saved successfully! [0m
[20:23:25] [Render thread/INFO] (Minecraft) [System] [CHAT] AutoBuy -> §a══════ AutoParser ══════
[20:23:25] [Render thread/INFO] (Minecraft) [System] [CHAT] AutoBuy -> §7Предметов: §b103 §7| Скидка: §b60%
[20:23:25] [Render thread/INFO] (Minecraft) [System] [CHAT] AutoBuy -> §a════════════════════
[20:23:25] [Render thread/INFO] (Minecraft) [System] [CHAT] AutoBuy -> §7[1/103] §bШлем крушителя
[20:23:29] [Render thread/INFO] (Minecraft) [System] [CHAT] AutoBuy -> §7[2/103] §bНагрудник крушителя
[20:23:33] [Render thread/INFO] (Minecraft) [System] [CHAT] Unknown command. Type "/help" for help.
[20:23:34] [Render thread/INFO] (Minecraft) [System] [CHAT] AutoBuy -> §7[3/103] §bпоножи крушителя
[20:23:34] [Render thread/INFO] (Minecraft) [System] [CHAT] Unknown command. Type "/help" for help.
[20:23:36] [Render thread/INFO] (Minecraft) [System] [CHAT] Unknown command. Type "/help" for help.
[20:23:38] [Render thread/INFO] (Minecraft) [System] [CHAT] AutoBuy -> §7[4/103] §bботинки крушителя
[20:23:40] [Render thread/INFO] (Minecraft) [System] [CHAT] Unknown command. Type "/help" for help.
[20:23:41] [Render thread/INFO] (Minecraft) [System] [CHAT] Unknown command. Type "/help" for help.
[20:23:42] [Render thread/INFO] (Minecraft) [System] [CHAT] Unknown command. Type "/help" for help.
[20:23:44] [Render thread/INFO] (Minecraft) [System] [CHAT] AutoBuy -> §7[5/103] §bмеч крушителя
[20:23:45] [Render thread/INFO] (Minecraft) [System] [CHAT] Unknown command. Type "/help" for help.
[20:23:46] [Render thread/INFO] (Minecraft) [System] [CHAT] AutoBuy -> AutoParser остановлен
[20:23:46] [Render thread/INFO] (Minecraft) [System] [CHAT] AutoBuy -> §7Обновлено: §a0
[20:23:53] [Render thread/INFO] (Minecraft) [System] [CHAT] Unknown command. Type "/help" for help.
[20:24:16] [Rich-ConfigAutoSaver/INFO] (Minecraft) [STDOUT]: [42m[30m[1m AutoConfiguration: autoconfig.json saved successfully! [0m
[20:24:45] [Render thread/INFO] (Minecraft) Resizing Dynamic Transforms UBO, capacity limit of 16 reached during a single frame. New capacity will be 32.
[20:25:24] [Render thread/INFO] (Minecraft) [System] [CHAT] TPS from last 5s, 1m, 5m, 15m: 19.99, 20.0, 20.0, 20.0
[20:25:31] [Render thread/INFO] (Minecraft) [System] [CHAT] <OnixNine> hh
[20:25:33] [Render thread/INFO] (Minecraft) [System] [CHAT] <OnixNine> df
[20:25:35] [Render thread/INFO] (Minecraft) [System] [CHAT] Server tick times (avg/min/max) from last 5s, 10s, 1m:
[20:25:35] [Render thread/INFO] (Minecraft) [System] [CHAT] ◴ 2.2/1.6/11.4, 3.5/1.5/178.4, 2.7/0.8/178.4
[20:25:46] [Rich-ConfigAutoSaver/INFO] (Minecraft) [STDOUT]: [42m[30m[1m AutoConfiguration: autoconfig.json saved successfully! [0m
[20:27:06] [Render thread/INFO] (Minecraft) Connecting to d19.aurorix.net, 25526
[20:27:06] [Download-14/ERROR] (Minecraft) Failed to retrieve profile key pair
com.mojang.authlib.exceptions.MinecraftClientHttpException: Status: 401
	at knot//com.mojang.authlib.minecraft.client.MinecraftClient.readInputStream(MinecraftClient.java:103)
	at knot//com.mojang.authlib.minecraft.client.MinecraftClient.post(MinecraftClient.java:64)
	at knot//com.mojang.authlib.yggdrasil.YggdrasilUserApiService.getKeyPair(YggdrasilUserApiService.java:61)
	at knot//net.minecraft.client.session.ProfileKeysImpl.fetchKeyPair(ProfileKeysImpl.java:128)
	at knot//net.minecraft.client.session.ProfileKeysImpl.method_44291(ProfileKeysImpl.java:77)
	at java.base/java.util.concurrent.CompletableFuture$AsyncSupply.run$$$capture(CompletableFuture.java:1768)
	at java.base/java.util.concurrent.CompletableFuture$AsyncSupply.run(CompletableFuture.java)
	at java.base/java.util.concurrent.ThreadPoolExecutor.runWorker(ThreadPoolExecutor.java:1144)
	at java.base/java.util.concurrent.ThreadPoolExecutor$Worker.run(ThreadPoolExecutor.java:642)
	at java.base/java.lang.Thread.run(Thread.java:1583)
[20:27:16] [Rich-ConfigAutoSaver/INFO] (Minecraft) [STDOUT]: [42m[30m[1m AutoConfiguration: autoconfig.json saved successfully! [0m
[20:27:26] [Render thread/INFO] (Minecraft) Connecting to d19.aurorix.net, 25526
[20:27:27] [Download-14/ERROR] (Minecraft) Failed to retrieve profile key pair
com.mojang.authlib.exceptions.MinecraftClientHttpException: Status: 401
	at knot//com.mojang.authlib.minecraft.client.MinecraftClient.readInputStream(MinecraftClient.java:103)
	at knot//com.mojang.authlib.minecraft.client.MinecraftClient.post(MinecraftClient.java:64)
	at knot//com.mojang.authlib.yggdrasil.YggdrasilUserApiService.getKeyPair(YggdrasilUserApiService.java:61)
	at knot//net.minecraft.client.session.ProfileKeysImpl.fetchKeyPair(ProfileKeysImpl.java:128)
	at knot//net.minecraft.client.session.ProfileKeysImpl.method_44291(ProfileKeysImpl.java:77)
	at java.base/java.util.concurrent.CompletableFuture$AsyncSupply.run$$$capture(CompletableFuture.java:1768)
	at java.base/java.util.concurrent.CompletableFuture$AsyncSupply.run(CompletableFuture.java)
	at java.base/java.util.concurrent.ThreadPoolExecutor.runWorker(ThreadPoolExecutor.java:1144)
	at java.base/java.util.concurrent.ThreadPoolExecutor$Worker.run(ThreadPoolExecutor.java:642)
	at java.base/java.lang.Thread.run(Thread.java:1583)
[20:27:57] [Render thread/WARN] (Minecraft) Client disconnected with reason: Timed out
[20:28:03] [Render thread/INFO] (Minecraft) Connecting to d19.aurorix.net, 25526
[20:28:04] [Download-14/ERROR] (Minecraft) Failed to retrieve profile key pair
com.mojang.authlib.exceptions.MinecraftClientHttpException: Status: 401
	at knot//com.mojang.authlib.minecraft.client.MinecraftClient.readInputStream(MinecraftClient.java:103)
	at knot//com.mojang.authlib.minecraft.client.MinecraftClient.post(MinecraftClient.java:64)
	at knot//com.mojang.authlib.yggdrasil.YggdrasilUserApiService.getKeyPair(YggdrasilUserApiService.java:61)
	at knot//net.minecraft.client.session.ProfileKeysImpl.fetchKeyPair(ProfileKeysImpl.java:128)
	at knot//net.minecraft.client.session.ProfileKeysImpl.method_44291(ProfileKeysImpl.java:77)
	at java.base/java.util.concurrent.CompletableFuture$AsyncSupply.run$$$capture(CompletableFuture.java:1768)
	at java.base/java.util.concurrent.CompletableFuture$AsyncSupply.run(CompletableFuture.java)
	at java.base/java.util.concurrent.ThreadPoolExecutor.runWorker(ThreadPoolExecutor.java:1144)
	at java.base/java.util.concurrent.ThreadPoolExecutor$Worker.run(ThreadPoolExecutor.java:642)
	at java.base/java.lang.Thread.run(Thread.java:1583)
[20:28:17] [Render thread/INFO] (Minecraft) [System] [CHAT] You are already trying to connect to a server!
[20:28:17] [Render thread/INFO] (Minecraft) [System] [CHAT] You are already trying to connect to a server!
[20:28:29] [Render thread/WARN] (Minecraft) Ignoring player info update for unknown player d0b9f27b-3047-3511-8860-ca7b6e1707a4 ([UPDATE_GAME_MODE])
[20:28:30] [Render thread/INFO] (Minecraft) [System] [CHAT] ɢʀɪᴍ ➣ Brands enabled
[20:28:30] [Render thread/INFO] (Minecraft) Loaded 79 advancements
[20:28:41] [Render thread/INFO] (Minecraft) [System] [CHAT] TPS from last 5s, 1m, 5m, 15m: *20.0, 15.64, 18.96, 19.64
[20:28:44] [Render thread/INFO] (Minecraft) [System] [CHAT] Server tick times (avg/min/max) from last 5s, 10s, 1m:
[20:28:44] [Render thread/INFO] (Minecraft) [System] [CHAT] ◴ 3.4/0.9/24.6, 5.9/0.9/420.1, 36.1/0.6/11992.0
[20:28:46] [Rich-ConfigAutoSaver/INFO] (Minecraft) [STDOUT]: [42m[30m[1m AutoConfiguration: autoconfig.json saved successfully! [0m
[20:28:51] [Render thread/WARN] (Minecraft) Ignoring player info update for unknown player d0b9f27b-3047-3511-8860-ca7b6e1707a4 ([UPDATE_GAME_MODE])
[20:28:51] [Render thread/INFO] (Minecraft) [System] [CHAT] [+] Игрок regpu присоединился к режиму.
[20:28:58] [Render thread/INFO] (Minecraft) [System] [CHAT] ɢʀɪᴍ ➣ Verbose enabled
[20:29:05] [Render thread/INFO] (Minecraft) [System] [CHAT] ᴘᴠᴘ ▸ Увы вы не можете пойти ранговую дуэль поскольку у вас слишком высокий пинг.
[20:29:37] [Render thread/INFO] (Minecraft) [System] [CHAT] ɢʀɪᴍ ➣ regpu failed Timer | x1 |
[20:29:37] [Render thread/INFO] (Minecraft) [System] [CHAT] ɢʀɪᴍ ➣ regpu failed GroundSpoof | x1 |
[20:29:37] [Render thread/INFO] (Minecraft) [System] [CHAT] ɢʀɪᴍ ➣ regpu failed Simulation | x1 |
[20:29:37] [Render thread/INFO] (Minecraft) [System] [CHAT] ɢʀɪᴍ ➣ regpu failed Simulation | x2 |
[20:29:39] [Render thread/INFO] (Minecraft) [System] [CHAT] ɢʀɪᴍ ➣ regpu failed PositionBreakB | x1 |
[20:29:39] [Render thread/INFO] (Minecraft) [System] [CHAT] ɢʀɪᴍ ➣ regpu failed PositionBreakB | x2 |
[20:29:39] [Render thread/INFO] (Minecraft) [System] [CHAT] ɢʀɪᴍ ➣ regpu failed PositionBreakB | x3 |
[20:29:39] [Render thread/INFO] (Minecraft) [System] [CHAT] ɢʀɪᴍ ➣ regpu failed PositionBreakB | x4 |
[20:29:39] [Render thread/INFO] (Minecraft) [System] [CHAT] ɢʀɪᴍ ➣ regpu failed PositionBreakB | x5 |
[20:29:39] [Render thread/INFO] (Minecraft) [System] [CHAT] ɢʀɪᴍ ➣ regpu failed PositionBreakB | x6 |
[20:29:39] [Render thread/INFO] (Minecraft) [System] [CHAT] ɢʀɪᴍ ➣ regpu failed PositionBreakB | x7 |
[20:29:39] [Render thread/INFO] (Minecraft) [System] [CHAT] ɢʀɪᴍ ➣ regpu failed PositionBreakB | x8 |
[20:29:39] [Render thread/INFO] (Minecraft) [System] [CHAT] ɢʀɪᴍ ➣ regpu failed PositionBreakB | x9 |
[20:29:39] [Render thread/INFO] (Minecraft) [System] [CHAT] ɢʀɪᴍ ➣ regpu failed PositionBreakB | x10 |
[20:29:39] [Render thread/INFO] (Minecraft) [System] [CHAT] ɢʀɪᴍ ➣ regpu failed PositionBreakB | x11 |
[20:29:39] [Render thread/INFO] (Minecraft) [System] [CHAT] ɢʀɪᴍ ➣ regpu failed PositionBreakB | x12 |
[20:29:39] [Render thread/INFO] (Minecraft) [System] [CHAT] ɢʀɪᴍ ➣ regpu failed PositionBreakB | x13 |
[20:29:39] [Render thread/INFO] (Minecraft) [System] [CHAT] ɢʀɪᴍ ➣ regpu failed PositionBreakB | x14 |
[20:29:39] [Render thread/INFO] (Minecraft) [System] [CHAT] ɢʀɪᴍ ➣ regpu failed PositionBreakB | x15 |
[20:29:39] [Render thread/INFO] (Minecraft) [System] [CHAT] ɢʀɪᴍ ➣ regpu failed PositionBreakB | x16 |
[20:29:39] [Render thread/INFO] (Minecraft) [System] [CHAT] ɢʀɪᴍ ➣ regpu failed PositionBreakB | x17 |
[20:29:39] [Render thread/INFO] (Minecraft) [System] [CHAT] ɢʀɪᴍ ➣ regpu failed PositionBreakB | x18 |
[20:29:39] [Render thread/INFO] (Minecraft) [System] [CHAT] ɢʀɪᴍ ➣ regpu failed PositionBreakB | x19 |
[20:29:39] [Render thread/INFO] (Minecraft) [System] [CHAT] ɢʀɪᴍ ➣ regpu failed PositionBreakB | x20 |
[20:29:39] [Render thread/INFO] (Minecraft) [System] [CHAT] ɢʀɪᴍ ➣ regpu failed PositionBreakB | x21 |
[20:29:39] [Render thread/INFO] (Minecraft) [System] [CHAT] ɢʀɪᴍ ➣ regpu failed PositionBreakB | x22 |
[20:29:39] [Render thread/INFO] (Minecraft) [System] [CHAT] ɢʀɪᴍ ➣ regpu failed PositionBreakB | x23 |
[20:29:39] [Render thread/INFO] (Minecraft) [System] [CHAT] ɢʀɪᴍ ➣ regpu failed PositionBreakB | x24 |
[20:29:39] [Render thread/INFO] (Minecraft) [System] [CHAT] ɢʀɪᴍ ➣ regpu failed PositionBreakB | x25 |
[20:29:39] [Render thread/INFO] (Minecraft) [System] [CHAT] ɢʀɪᴍ ➣ regpu failed PositionBreakB | x26 |
[20:29:39] [Render thread/INFO] (Minecraft) [System] [CHAT] ɢʀɪᴍ ➣ regpu failed PositionBreakB | x27 |
[20:29:39] [Render thread/INFO] (Minecraft) [System] [CHAT] ɢʀɪᴍ ➣ regpu failed PositionBreakB | x28 |
[20:29:39] [Render thread/INFO] (Minecraft) [System] [CHAT] ɢʀɪᴍ ➣ regpu failed PositionBreakB | x29 |
[20:29:42] [Render thread/INFO] (Minecraft) [System] [CHAT] ɢʀɪᴍ ➣ regpu failed PositionBreakB | x30 |
[20:29:42] [Render thread/INFO] (Minecraft) [System] [CHAT] ɢʀɪᴍ ➣ regpu failed PositionBreakB | x31 |
[20:29:42] [Render thread/INFO] (Minecraft) [System] [CHAT] ɢʀɪᴍ ➣ regpu failed PositionBreakB | x32 |
[20:29:42] [Render thread/INFO] (Minecraft) [System] [CHAT] ɢʀɪᴍ ➣ regpu failed PositionBreakB | x33 |
[20:29:42] [Render thread/INFO] (Minecraft) [System] [CHAT] ɢʀɪᴍ ➣ regpu failed PositionBreakB | x34 |
[20:29:42] [Render thread/INFO] (Minecraft) [System] [CHAT] ɢʀɪᴍ ➣ regpu failed PositionBreakB | x35 |
[20:29:42] [Render thread/INFO] (Minecraft) [System] [CHAT] ɢʀɪᴍ ➣ regpu failed PositionBreakB | x36 |
[20:29:42] [Render thread/INFO] (Minecraft) [System] [CHAT] ɢʀɪᴍ ➣ regpu failed PositionBreakB | x37 |
[20:29:42] [Render thread/INFO] (Minecraft) [System] [CHAT] ɢʀɪᴍ ➣ regpu failed PositionBreakB | x38 |
[20:29:42] [Render thread/INFO] (Minecraft) [System] [CHAT] ɢʀɪᴍ ➣ regpu failed PositionBreakB | x39 |
[20:29:42] [Render thread/INFO] (Minecraft) [System] [CHAT] ɢʀɪᴍ ➣ regpu failed PositionBreakB | x40 |
[20:29:42] [Render thread/INFO] (Minecraft) [System] [CHAT] ɢʀɪᴍ ➣ regpu failed PositionBreakB | x41 |
[20:29:44] [Render thread/INFO] (Minecraft) [System] [CHAT] ɢʀɪᴍ ➣ regpu failed PositionBreakB | x42 |
[20:29:44] [Render thread/INFO] (Minecraft) [System] [CHAT] ɢʀɪᴍ ➣ regpu failed PositionBreakB | x43 |
[20:29:44] [Render thread/INFO] (Minecraft) [System] [CHAT] ɢʀɪᴍ ➣ regpu failed PositionBreakB | x44 |
[20:29:44] [Render thread/INFO] (Minecraft) [System] [CHAT] ɢʀɪᴍ ➣ regpu failed PositionBreakB | x45 |
[20:29:44] [Render thread/INFO] (Minecraft) [System] [CHAT] ɢʀɪᴍ ➣ regpu failed PositionBreakB | x46 |
[20:29:44] [Render thread/INFO] (Minecraft) [System] [CHAT] ɢʀɪᴍ ➣ regpu failed PositionBreakB | x47 |
[20:29:44] [Render thread/INFO] (Minecraft) [System] [CHAT] ɢʀɪᴍ ➣ regpu failed PositionBreakB | x48 |
[20:29:44] [Render thread/INFO] (Minecraft) [System] [CHAT] ɢʀɪᴍ ➣ regpu failed PositionBreakB | x49 |
[20:29:44] [Render thread/INFO] (Minecraft) [System] [CHAT] ɢʀɪᴍ ➣ regpu failed PositionBreakB | x50 |
[20:29:44] [Render thread/INFO] (Minecraft) [System] [CHAT] ɢʀɪᴍ ➣ regpu failed PositionBreakB | x51 |
[20:29:44] [Render thread/INFO] (Minecraft) [System] [CHAT] ɢʀɪᴍ ➣ regpu failed PositionBreakB | x52 |
[20:29:44] [Render thread/INFO] (Minecraft) [System] [CHAT] ɢʀɪᴍ ➣ regpu failed PositionBreakB | x53 |
[20:29:44] [Render thread/INFO] (Minecraft) [System] [CHAT] ɢʀɪᴍ ➣ regpu failed PositionBreakB | x54 |
[20:29:44] [Render thread/INFO] (Minecraft) [System] [CHAT] ɢʀɪᴍ ➣ regpu failed PositionBreakB | x55 |
[20:29:44] [Render thread/INFO] (Minecraft) [System] [CHAT] ɢʀɪᴍ ➣ regpu failed PositionBreakB | x56 |
[20:29:44] [Render thread/INFO] (Minecraft) [System] [CHAT] ɢʀɪᴍ ➣ regpu failed PositionBreakB | x57 |
[20:29:44] [Render thread/INFO] (Minecraft) [System] [CHAT] ɢʀɪᴍ ➣ regpu failed PositionBreakB | x58 |
[20:29:44] [Render thread/INFO] (Minecraft) [System] [CHAT] ɢʀɪᴍ ➣ regpu failed PositionBreakB | x59 |
[20:29:45] [Render thread/INFO] (Minecraft) [System] [CHAT] ɢʀɪᴍ ➣ regpu failed PositionBreakB | x60 |
[20:29:45] [Render thread/INFO] (Minecraft) [System] [CHAT] ɢʀɪᴍ ➣ regpu failed PositionBreakB | x61 |
[20:29:45] [Render thread/INFO] (Minecraft) [System] [CHAT] ɢʀɪᴍ ➣ regpu failed PositionBreakB | x62 |
[20:29:45] [Render thread/INFO] (Minecraft) [System] [CHAT] ɢʀɪᴍ ➣ regpu failed PositionBreakB | x63 |
[20:29:45] [Render thread/INFO] (Minecraft) [System] [CHAT] ɢʀɪᴍ ➣ regpu failed PositionBreakB | x64 |
[20:29:45] [Render thread/INFO] (Minecraft) [System] [CHAT] ɢʀɪᴍ ➣ regpu failed PositionBreakB | x65 |
[20:29:45] [Render thread/INFO] (Minecraft) [System] [CHAT] ɢʀɪᴍ ➣ regpu failed PositionBreakB | x66 |
[20:29:45] [Render thread/INFO] (Minecraft) [System] [CHAT] ɢʀɪᴍ ➣ regpu failed PositionBreakB | x67 |
[20:29:45] [Render thread/INFO] (Minecraft) [System] [CHAT] ɢʀɪᴍ ➣ regpu failed PositionBreakB | x68 |
[20:29:45] [Render thread/INFO] (Minecraft) [System] [CHAT] ɢʀɪᴍ ➣ regpu failed PositionBreakB | x69 |
[20:29:45] [Render thread/INFO] (Minecraft) [System] [CHAT] ɢʀɪᴍ ➣ regpu failed PositionBreakB | x70 |
[20:29:45] [Render thread/INFO] (Minecraft) [System] [CHAT] ɢʀɪᴍ ➣ regpu failed PositionBreakB | x71 |
[20:29:45] [Render thread/INFO] (Minecraft) [System] [CHAT] ɢʀɪᴍ ➣ regpu failed PositionBreakB | x72 |
[20:29:45] [Render thread/INFO] (Minecraft) [System] [CHAT] ɢʀɪᴍ ➣ regpu failed PositionBreakB | x73 |
[20:29:45] [Render thread/INFO] (Minecraft) [System] [CHAT] ɢʀɪᴍ ➣ regpu failed PositionBreakB | x74 |
[20:29:45] [Render thread/INFO] (Minecraft) [System] [CHAT] ɢʀɪᴍ ➣ regpu failed PositionBreakB | x75 |
[20:29:45] [Render thread/INFO] (Minecraft) [System] [CHAT] ɢʀɪᴍ ➣ regpu failed PositionBreakB | x76 |
[20:29:45] [Render thread/INFO] (Minecraft) [System] [CHAT] ɢʀɪᴍ ➣ regpu failed PositionBreakB | x77 |
[20:29:45] [Render thread/INFO] (Minecraft) [System] [CHAT] ɢʀɪᴍ ➣ regpu failed PositionBreakB | x78 |
[20:29:45] [Render thread/INFO] (Minecraft) [System] [CHAT] ɢʀɪᴍ ➣ regpu failed PositionBreakB | x79 |
[20:29:46] [Render thread/INFO] (Minecraft) [System] [CHAT] ɢʀɪᴍ ➣ regpu failed PositionBreakB | x80 |
[20:29:46] [Render thread/INFO] (Minecraft) [System] [CHAT] ɢʀɪᴍ ➣ regpu failed PositionBreakB | x81 |
[20:29:46] [Render thread/INFO] (Minecraft) [System] [CHAT] ɢʀɪᴍ ➣ regpu failed PositionBreakB | x82 |
[20:29:46] [Render thread/INFO] (Minecraft) [System] [CHAT] ɢʀɪᴍ ➣ regpu failed PositionBreakB | x83 |
[20:29:46] [Render thread/INFO] (Minecraft) [System] [CHAT] ɢʀɪᴍ ➣ regpu failed PositionBreakB | x84 |
[20:29:46] [Render thread/INFO] (Minecraft) [System] [CHAT] ɢʀɪᴍ ➣ regpu failed PositionBreakB | x85 |
[20:29:46] [Render thread/INFO] (Minecraft) [System] [CHAT] ɢʀɪᴍ ➣ regpu failed PositionBreakB | x86 |
[20:29:46] [Render thread/INFO] (Minecraft) [System] [CHAT] ɢʀɪᴍ ➣ regpu failed PositionBreakB | x87 |
[20:29:46] [Render thread/INFO] (Minecraft) [System] [CHAT] ɢʀɪᴍ ➣ regpu failed PositionBreakB | x88 |
[20:29:46] [Render thread/INFO] (Minecraft) [System] [CHAT] ɢʀɪᴍ ➣ regpu failed PositionBreakB | x89 |
[20:29:46] [Render thread/INFO] (Minecraft) [System] [CHAT] ɢʀɪᴍ ➣ regpu failed PositionBreakB | x90 |
[20:29:46] [Render thread/INFO] (Minecraft) [System] [CHAT] ɢʀɪᴍ ➣ regpu failed PositionBreakB | x91 |
[20:29:46] [Render thread/INFO] (Minecraft) [System] [CHAT] ɢʀɪᴍ ➣ regpu failed PositionBreakB | x92 |
[20:29:46] [Render thread/INFO] (Minecraft) [System] [CHAT] ɢʀɪᴍ ➣ regpu failed PositionBreakB | x93 |
[20:29:46] [Render thread/INFO] (Minecraft) [System] [CHAT] ɢʀɪᴍ ➣ regpu failed PositionBreakB | x94 |
[20:29:46] [Render thread/INFO] (Minecraft) [System] [CHAT] ɢʀɪᴍ ➣ regpu failed PositionBreakB | x95 |
[20:29:46] [Render thread/INFO] (Minecraft) [System] [CHAT] ɢʀɪᴍ ➣ regpu failed PositionBreakB | x96 |
[20:29:46] [Render thread/INFO] (Minecraft) [System] [CHAT] ɢʀɪᴍ ➣ regpu failed PositionBreakB | x97 |
[20:30:16] [Render thread/WARN] (Minecraft) Client disconnected with reason: Your connection to duels encountered a problem.
[20:30:16] [Rich-ConfigAutoSaver/INFO] (Minecraft) [STDOUT]: [42m[30m[1m AutoConfiguration: autoconfig.json saved successfully! [0m
[20:30:26] [Render thread/INFO] (Minecraft) Connecting to d19.aurorix.net, 25526
[20:30:27] [Download-15/ERROR] (Minecraft) Failed to retrieve profile key pair
com.mojang.authlib.exceptions.MinecraftClientHttpException: Status: 401
	at knot//com.mojang.authlib.minecraft.client.MinecraftClient.readInputStream(MinecraftClient.java:103)
	at knot//com.mojang.authlib.minecraft.client.MinecraftClient.post(MinecraftClient.java:64)
	at knot//com.mojang.authlib.yggdrasil.YggdrasilUserApiService.getKeyPair(YggdrasilUserApiService.java:61)
	at knot//net.minecraft.client.session.ProfileKeysImpl.fetchKeyPair(ProfileKeysImpl.java:128)
	at knot//net.minecraft.client.session.ProfileKeysImpl.method_44291(ProfileKeysImpl.java:77)
	at java.base/java.util.concurrent.CompletableFuture$AsyncSupply.run$$$capture(CompletableFuture.java:1768)
	at java.base/java.util.concurrent.CompletableFuture$AsyncSupply.run(CompletableFuture.java)
	at java.base/java.util.concurrent.ThreadPoolExecutor.runWorker(ThreadPoolExecutor.java:1144)
	at java.base/java.util.concurrent.ThreadPoolExecutor$Worker.run(ThreadPoolExecutor.java:642)
	at java.base/java.lang.Thread.run(Thread.java:1583)
[20:30:58] [Render thread/WARN] (Minecraft) Client disconnected with reason: Timed out
[20:31:46] [Rich-ConfigAutoSaver/INFO] (Minecraft) [STDOUT]: [42m[30m[1m AutoConfiguration: autoconfig.json saved successfully! [0m
[20:33:16] [Rich-ConfigAutoSaver/INFO] (Minecraft) [STDOUT]: [42m[30m[1m AutoConfiguration: autoconfig.json saved successfully! [0m
[20:34:46] [Rich-ConfigAutoSaver/INFO] (Minecraft) [STDOUT]: [42m[30m[1m AutoConfiguration: autoconfig.json saved successfully! [0m
[20:35:29] [Render thread/INFO] (Minecraft) Connecting to d19.aurorix.net, 25526
[20:35:30] [Download-16/ERROR] (Minecraft) Failed to retrieve profile key pair
com.mojang.authlib.exceptions.MinecraftClientHttpException: Status: 401
	at knot//com.mojang.authlib.minecraft.client.MinecraftClient.readInputStream(MinecraftClient.java:103)
	at knot//com.mojang.authlib.minecraft.client.MinecraftClient.post(MinecraftClient.java:64)
	at knot//com.mojang.authlib.yggdrasil.YggdrasilUserApiService.getKeyPair(YggdrasilUserApiService.java:61)
	at knot//net.minecraft.client.session.ProfileKeysImpl.fetchKeyPair(ProfileKeysImpl.java:128)
	at knot//net.minecraft.client.session.ProfileKeysImpl.method_44291(ProfileKeysImpl.java:77)
	at java.base/java.util.concurrent.CompletableFuture$AsyncSupply.run$$$capture(CompletableFuture.java:1768)
	at java.base/java.util.concurrent.CompletableFuture$AsyncSupply.run(CompletableFuture.java)
	at java.base/java.util.concurrent.ThreadPoolExecutor.runWorker(ThreadPoolExecutor.java:1144)
	at java.base/java.util.concurrent.ThreadPoolExecutor$Worker.run(ThreadPoolExecutor.java:642)
	at java.base/java.lang.Thread.run(Thread.java:1583)
[20:36:01] [Render thread/WARN] (Minecraft) Client disconnected with reason: Timed out
[20:36:16] [Rich-ConfigAutoSaver/INFO] (Minecraft) [STDOUT]: [42m[30m[1m AutoConfiguration: autoconfig.json saved successfully! [0m
[20:37:46] [Rich-ConfigAutoSaver/INFO] (Minecraft) [STDOUT]: [42m[30m[1m AutoConfiguration: autoconfig.json saved successfully! [0m
[20:39:16] [Rich-ConfigAutoSaver/INFO] (Minecraft) [STDOUT]: [42m[30m[1m AutoConfiguration: autoconfig.json saved successfully! [0m
[20:40:46] [Rich-ConfigAutoSaver/INFO] (Minecraft) [STDOUT]: [42m[30m[1m AutoConfiguration: autoconfig.json saved successfully! [0m
[20:42:16] [Rich-ConfigAutoSaver/INFO] (Minecraft) [STDOUT]: [42m[30m[1m AutoConfiguration: autoconfig.json saved successfully! [0m
[20:43:46] [Rich-ConfigAutoSaver/INFO] (Minecraft) [STDOUT]: [42m[30m[1m AutoConfiguration: autoconfig.json saved successfully! [0m
[20:45:16] [Rich-ConfigAutoSaver/INFO] (Minecraft) [STDOUT]: [42m[30m[1m AutoConfiguration: autoconfig.json saved successfully! [0m
[20:46:46] [Rich-ConfigAutoSaver/INFO] (Minecraft) [STDOUT]: [42m[30m[1m AutoConfiguration: autoconfig.json saved successfully! [0m
[20:48:16] [Rich-ConfigAutoSaver/INFO] (Minecraft) [STDOUT]: [42m[30m[1m AutoConfiguration: autoconfig.json saved successfully! [0m
[20:49:46] [Rich-ConfigAutoSaver/INFO] (Minecraft) [STDOUT]: [42m[30m[1m AutoConfiguration: autoconfig.json saved successfully! [0m
[20:51:16] [Rich-ConfigAutoSaver/INFO] (Minecraft) [STDOUT]: [42m[30m[1m AutoConfiguration: autoconfig.json saved successfully! [0m
[20:52:46] [Rich-ConfigAutoSaver/INFO] (Minecraft) [STDOUT]: [42m[30m[1m AutoConfiguration: autoconfig.json saved successfully! [0m
[20:54:16] [Rich-ConfigAutoSaver/INFO] (Minecraft) [STDOUT]: [42m[30m[1m AutoConfiguration: autoconfig.json saved successfully! [0m
[20:55:46] [Rich-ConfigAutoSaver/INFO] (Minecraft) [STDOUT]: [42m[30m[1m AutoConfiguration: autoconfig.json saved successfully! [0m
[20:57:16] [Rich-ConfigAutoSaver/INFO] (Minecraft) [STDOUT]: [42m[30m[1m AutoConfiguration: autoconfig.json saved successfully! [0m
[20:58:24] [Render thread/INFO] (Minecraft) Connecting to d19.aurorix.net, 25526
[20:58:25] [Download-23/ERROR] (Minecraft) Failed to retrieve profile key pair
com.mojang.authlib.exceptions.MinecraftClientHttpException: Status: 401
	at knot//com.mojang.authlib.minecraft.client.MinecraftClient.readInputStream(MinecraftClient.java:103)
	at knot//com.mojang.authlib.minecraft.client.MinecraftClient.post(MinecraftClient.java:64)
	at knot//com.mojang.authlib.yggdrasil.YggdrasilUserApiService.getKeyPair(YggdrasilUserApiService.java:61)
	at knot//net.minecraft.client.session.ProfileKeysImpl.fetchKeyPair(ProfileKeysImpl.java:128)
	at knot//net.minecraft.client.session.ProfileKeysImpl.method_44291(ProfileKeysImpl.java:77)
	at java.base/java.util.concurrent.CompletableFuture$AsyncSupply.run$$$capture(CompletableFuture.java:1768)
	at java.base/java.util.concurrent.CompletableFuture$AsyncSupply.run(CompletableFuture.java)
	at java.base/java.util.concurrent.ThreadPoolExecutor.runWorker(ThreadPoolExecutor.java:1144)
	at java.base/java.util.concurrent.ThreadPoolExecutor$Worker.run(ThreadPoolExecutor.java:642)
	at java.base/java.lang.Thread.run(Thread.java:1583)
[20:58:31] [Render thread/INFO] (Minecraft) [System] [CHAT] ᴀᴜᴛʜ » Авторизируйтесь командой /login <пароль>
[20:58:31] [Render thread/INFO] (Minecraft) [System] [CHAT] ᴀᴜᴛʜ » Авторизируйтесь командой /login <пароль>
[20:58:33] [Render thread/INFO] (Minecraft) [System] [CHAT] ᴀᴜᴛʜ » Авторизируйтесь командой /login <пароль>
[20:58:36] [Render thread/INFO] (Minecraft) [System] [CHAT] ᴀᴜᴛʜ » Авторизируйтесь командой /login <пароль>
[20:58:38] [Render thread/INFO] (Minecraft) [System] [CHAT] ᴀᴜᴛʜ » Неверный пароль. Осталось 2 попыток
[20:58:39] [Render thread/INFO] (Minecraft) [System] [CHAT] ᴀᴜᴛʜ » Авторизируйтесь командой /login <пароль>
[20:58:42] [Render thread/INFO] (Minecraft) [System] [CHAT] ᴀᴜᴛʜ » Авторизируйтесь командой /login <пароль>
[20:58:44] [Render thread/INFO] (Minecraft) [System] [CHAT] ᴀᴜᴛʜ » Подождите, пока завершится обработка предыдущего запроса
[20:58:45] [Render thread/INFO] (Minecraft) [System] [CHAT] ᴀᴜᴛʜ » Авторизируйтесь командой /login <пароль>
[20:58:45] [Render thread/INFO] (Minecraft) [System] [CHAT] ᴀᴜᴛʜ » Вы успешно авторизовались
[20:58:46] [Render thread/INFO] (Minecraft) [System] [CHAT] ᴀᴜᴛʜ » Вы уже авторизованы
[20:58:46] [Rich-ConfigAutoSaver/INFO] (Minecraft) [STDOUT]: [42m[30m[1m AutoConfiguration: autoconfig.json saved successfully! [0m
[20:58:53] [Render thread/INFO] (Minecraft) [System] [CHAT] Unable to connect you to duels. Please try again later.
[20:59:01] [Render thread/INFO] (Minecraft) [System] [CHAT] Unable to connect you to duels. Please try again later.
[20:59:18] [Render thread/INFO] (Minecraft) [System] [CHAT] Unable to connect you to duels. Please try again later.
[20:59:22] [Render thread/INFO] (Minecraft) [System] [CHAT] Saved screenshot as 2026-02-13_20.59.21.png
[21:00:13] [Render thread/INFO] (Minecraft) [System] [CHAT] Unable to connect you to duels. Please try again later.
[21:00:16] [Rich-ConfigAutoSaver/INFO] (Minecraft) [STDOUT]: [42m[30m[1m AutoConfiguration: autoconfig.json saved successfully! [0m
[21:01:46] [Rich-ConfigAutoSaver/INFO] (Minecraft) [STDOUT]: [42m[30m[1m AutoConfiguration: autoconfig.json saved successfully! [0m
[21:01:47] [Render thread/WARN] (Minecraft) Client disconnected with reason: Proxy shutting down.
[21:02:09] [Render thread/INFO] (Minecraft) Connecting to d19.aurorix.net, 25526
[21:02:10] [Download-23/ERROR] (Minecraft) Failed to retrieve profile key pair
com.mojang.authlib.exceptions.MinecraftClientException: Failed to POST https://api.minecraftservices.com/player/certificates
	at knot//com.mojang.authlib.minecraft.client.MinecraftClient.postInternal(MinecraftClient.java:132)
	at knot//com.mojang.authlib.minecraft.client.MinecraftClient.post(MinecraftClient.java:63)
	at knot//com.mojang.authlib.yggdrasil.YggdrasilUserApiService.getKeyPair(YggdrasilUserApiService.java:61)
	at knot//net.minecraft.client.session.ProfileKeysImpl.fetchKeyPair(ProfileKeysImpl.java:128)
	at knot//net.minecraft.client.session.ProfileKeysImpl.method_44291(ProfileKeysImpl.java:77)
	at java.base/java.util.concurrent.CompletableFuture$AsyncSupply.run$$$capture(CompletableFuture.java:1768)
	at java.base/java.util.concurrent.CompletableFuture$AsyncSupply.run(CompletableFuture.java)
	at java.base/java.util.concurrent.ThreadPoolExecutor.runWorker(ThreadPoolExecutor.java:1144)
	at java.base/java.util.concurrent.ThreadPoolExecutor$Worker.run(ThreadPoolExecutor.java:642)
	at java.base/java.lang.Thread.run(Thread.java:1583)
Caused by: javax.net.ssl.SSLHandshakeException: Remote host terminated the handshake
	at java.base/sun.security.ssl.SSLSocketImpl.handleEOF(SSLSocketImpl.java:1714)
	at java.base/sun.security.ssl.SSLSocketImpl.decode(SSLSocketImpl.java:1514)
	at java.base/sun.security.ssl.SSLSocketImpl.readHandshakeRecord(SSLSocketImpl.java:1421)
	at java.base/sun.security.ssl.SSLSocketImpl.startHandshake(SSLSocketImpl.java:455)
	at java.base/sun.security.ssl.SSLSocketImpl.startHandshake(SSLSocketImpl.java:426)
	at java.base/sun.net.www.protocol.https.HttpsClient.afterConnect(HttpsClient.java:586)
	at java.base/sun.net.www.protocol.https.AbstractDelegateHttpsURLConnection.connect(AbstractDelegateHttpsURLConnection.java:187)
	at java.base/sun.net.www.protocol.http.HttpURLConnection.getOutputStream0(HttpURLConnection.java:1446)
	at java.base/sun.net.www.protocol.http.HttpURLConnection.getOutputStream(HttpURLConnection.java:1417)
	at java.base/sun.net.www.protocol.https.HttpsURLConnectionImpl.getOutputStream(HttpsURLConnectionImpl.java:219)
	at knot//com.mojang.authlib.minecraft.client.MinecraftClient.postInternal(MinecraftClient.java:129)
	... 9 more
Caused by: java.io.EOFException: SSL peer shut down incorrectly
	at java.base/sun.security.ssl.SSLSocketInputRecord.read(SSLSocketInputRecord.java:494)
	at java.base/sun.security.ssl.SSLSocketInputRecord.readHeader(SSLSocketInputRecord.java:483)
	at java.base/sun.security.ssl.SSLSocketInputRecord.decode(SSLSocketInputRecord.java:160)
	at java.base/sun.security.ssl.SSLTransport.decode(SSLTransport.java:111)
	at java.base/sun.security.ssl.SSLSocketImpl.decode(SSLSocketImpl.java:1506)
	... 18 more
[21:02:22] [Render thread/INFO] (Minecraft) Connecting to d19.aurorix.net, 25526
[21:02:22] [Download-23/ERROR] (Minecraft) Failed to retrieve profile key pair
com.mojang.authlib.exceptions.MinecraftClientHttpException: Status: 401
	at knot//com.mojang.authlib.minecraft.client.MinecraftClient.readInputStream(MinecraftClient.java:103)
	at knot//com.mojang.authlib.minecraft.client.MinecraftClient.post(MinecraftClient.java:64)
	at knot//com.mojang.authlib.yggdrasil.YggdrasilUserApiService.getKeyPair(YggdrasilUserApiService.java:61)
	at knot//net.minecraft.client.session.ProfileKeysImpl.fetchKeyPair(ProfileKeysImpl.java:128)
	at knot//net.minecraft.client.session.ProfileKeysImpl.method_44291(ProfileKeysImpl.java:77)
	at java.base/java.util.concurrent.CompletableFuture$AsyncSupply.run$$$capture(CompletableFuture.java:1768)
	at java.base/java.util.concurrent.CompletableFuture$AsyncSupply.run(CompletableFuture.java)
	at java.base/java.util.concurrent.ThreadPoolExecutor.runWorker(ThreadPoolExecutor.java:1144)
	at java.base/java.util.concurrent.ThreadPoolExecutor$Worker.run(ThreadPoolExecutor.java:642)
	at java.base/java.lang.Thread.run(Thread.java:1583)
[21:02:24] [Render thread/INFO] (Minecraft) [System] [CHAT] Идет проверка, пожалуйста, подождите...
[21:02:28] [Render thread/INFO] (Minecraft) [System] [CHAT] \nВведите пожалуйста капчу в чат\n
[21:02:31] [Render thread/INFO] (Minecraft) [System] [CHAT]  Проверка прошла успешно, добро пожаловать!
[21:02:31] [Render thread/INFO] (Minecraft) [System] [CHAT] ᴀᴜᴛʜ » Авторизируйтесь командой /login <пароль>
[21:02:34] [Render thread/INFO] (Minecraft) [System] [CHAT] ᴀᴜᴛʜ » Авторизируйтесь командой /login <пароль>
[21:02:35] [Render thread/INFO] (Minecraft) [System] [CHAT] ᴀᴜᴛʜ » Вы успешно авторизовались
[21:02:43] [Render thread/INFO] (Minecraft) [System] [CHAT] Unable to connect you to duels. Please try again later.
[21:03:16] [Rich-ConfigAutoSaver/INFO] (Minecraft) [STDOUT]: [42m[30m[1m AutoConfiguration: autoconfig.json saved successfully! [0m
[21:04:46] [Rich-ConfigAutoSaver/INFO] (Minecraft) [STDOUT]: [42m[30m[1m AutoConfiguration: autoconfig.json saved successfully! [0m
[21:06:16] [Rich-ConfigAutoSaver/INFO] (Minecraft) [STDOUT]: [42m[30m[1m AutoConfiguration: autoconfig.json saved successfully! [0m
[21:07:46] [Rich-ConfigAutoSaver/INFO] (Minecraft) [STDOUT]: [42m[30m[1m AutoConfiguration: autoconfig.json saved successfully! [0m
[21:08:40] [Render thread/INFO] (Minecraft) [System] [CHAT] Saved screenshot as 2026-02-13_21.08.40.png
[21:09:16] [Rich-ConfigAutoSaver/INFO] (Minecraft) [STDOUT]: [42m[30m[1m AutoConfiguration: autoconfig.json saved successfully! [0m
[21:10:46] [Rich-ConfigAutoSaver/INFO] (Minecraft) [STDOUT]: [42m[30m[1m AutoConfiguration: autoconfig.json saved successfully! [0m
[21:12:16] [Rich-ConfigAutoSaver/INFO] (Minecraft) [STDOUT]: [42m[30m[1m AutoConfiguration: autoconfig.json saved successfully! [0m
[21:13:46] [Rich-ConfigAutoSaver/INFO] (Minecraft) [STDOUT]: [42m[30m[1m AutoConfiguration: autoconfig.json saved successfully! [0m
[21:15:16] [Rich-ConfigAutoSaver/INFO] (Minecraft) [STDOUT]: [42m[30m[1m AutoConfiguration: autoconfig.json saved successfully! [0m
[21:16:46] [Rich-ConfigAutoSaver/INFO] (Minecraft) [STDOUT]: [42m[30m[1m AutoConfiguration: autoconfig.json saved successfully! [0m
[21:18:16] [Rich-ConfigAutoSaver/INFO] (Minecraft) [STDOUT]: [42m[30m[1m AutoConfiguration: autoconfig.json saved successfully! [0m
[21:19:46] [Rich-ConfigAutoSaver/INFO] (Minecraft) [STDOUT]: [42m[30m[1m AutoConfiguration: autoconfig.json saved successfully! [0m
[21:21:16] [Rich-ConfigAutoSaver/INFO] (Minecraft) [STDOUT]: [42m[30m[1m AutoConfiguration: autoconfig.json saved successfully! [0m
[21:22:46] [Rich-ConfigAutoSaver/INFO] (Minecraft) [STDOUT]: [42m[30m[1m AutoConfiguration: autoconfig.json saved successfully! [0m
[21:24:16] [Rich-ConfigAutoSaver/INFO] (Minecraft) [STDOUT]: [42m[30m[1m AutoConfiguration: autoconfig.json saved successfully! [0m
[21:25:46] [Rich-ConfigAutoSaver/INFO] (Minecraft) [STDOUT]: [42m[30m[1m AutoConfiguration: autoconfig.json saved successfully! [0m
[21:27:16] [Rich-ConfigAutoSaver/INFO] (Minecraft) [STDOUT]: [42m[30m[1m AutoConfiguration: autoconfig.json saved successfully! [0m
[21:27:57] [Render thread/INFO] (Minecraft) [System] [CHAT] Unable to connect you to duels. Please try again later.
[21:28:21] [Render thread/WARN] (Minecraft) Client disconnected with reason: Proxy shutting down.
[21:28:46] [Rich-ConfigAutoSaver/INFO] (Minecraft) [STDOUT]: [42m[30m[1m AutoConfiguration: autoconfig.json saved successfully! [0m
[21:29:14] [Render thread/INFO] (Minecraft) Connecting to d19.aurorix.net, 25526
[21:29:15] [Download-28/ERROR] (Minecraft) Failed to retrieve profile key pair
com.mojang.authlib.exceptions.MinecraftClientHttpException: Status: 401
	at knot//com.mojang.authlib.minecraft.client.MinecraftClient.readInputStream(MinecraftClient.java:103)
	at knot//com.mojang.authlib.minecraft.client.MinecraftClient.post(MinecraftClient.java:64)
	at knot//com.mojang.authlib.yggdrasil.YggdrasilUserApiService.getKeyPair(YggdrasilUserApiService.java:61)
	at knot//net.minecraft.client.session.ProfileKeysImpl.fetchKeyPair(ProfileKeysImpl.java:128)
	at knot//net.minecraft.client.session.ProfileKeysImpl.method_44291(ProfileKeysImpl.java:77)
	at java.base/java.util.concurrent.CompletableFuture$AsyncSupply.run$$$capture(CompletableFuture.java:1768)
	at java.base/java.util.concurrent.CompletableFuture$AsyncSupply.run(CompletableFuture.java)
	at java.base/java.util.concurrent.ThreadPoolExecutor.runWorker(ThreadPoolExecutor.java:1144)
	at java.base/java.util.concurrent.ThreadPoolExecutor$Worker.run(ThreadPoolExecutor.java:642)
	at java.base/java.lang.Thread.run(Thread.java:1583)
[21:29:16] [Render thread/INFO] (Minecraft) [System] [CHAT] Идет проверка, пожалуйста, подождите...
[21:29:19] [Render thread/INFO] (Minecraft) [System] [CHAT] \nВведите пожалуйста капчу в чат\n
[21:29:24] [Render thread/INFO] (Minecraft) [System] [CHAT]  Проверка прошла успешно, добро пожаловать!
[21:29:25] [Render thread/INFO] (Minecraft) [System] [CHAT] ᴀᴜᴛʜ » Авторизируйтесь командой /login <пароль>
[21:29:27] [Render thread/INFO] (Minecraft) [System] [CHAT] ᴀᴜᴛʜ » Авторизируйтесь командой /login <пароль>
[21:29:28] [Render thread/INFO] (Minecraft) [System] [CHAT] ᴀᴜᴛʜ » Вы успешно авторизовались
[21:29:34] [Render thread/INFO] (Minecraft) [System] [CHAT] Unable to connect you to duels. Please try again later.
[21:30:10] [Render thread/WARN] (Minecraft) Client disconnected with reason: Proxy shutting down.
[21:30:16] [Rich-ConfigAutoSaver/INFO] (Minecraft) [STDOUT]: [42m[30m[1m AutoConfiguration: autoconfig.json saved successfully! [0m
[21:30:44] [Render thread/INFO] (Minecraft) Connecting to d19.aurorix.net, 25526
[21:30:45] [Download-28/ERROR] (Minecraft) Failed to retrieve profile key pair
com.mojang.authlib.exceptions.MinecraftClientHttpException: Status: 401
	at knot//com.mojang.authlib.minecraft.client.MinecraftClient.readInputStream(MinecraftClient.java:103)
	at knot//com.mojang.authlib.minecraft.client.MinecraftClient.post(MinecraftClient.java:64)
	at knot//com.mojang.authlib.yggdrasil.YggdrasilUserApiService.getKeyPair(YggdrasilUserApiService.java:61)
	at knot//net.minecraft.client.session.ProfileKeysImpl.fetchKeyPair(ProfileKeysImpl.java:128)
	at knot//net.minecraft.client.session.ProfileKeysImpl.method_44291(ProfileKeysImpl.java:77)
	at java.base/java.util.concurrent.CompletableFuture$AsyncSupply.run$$$capture(CompletableFuture.java:1768)
	at java.base/java.util.concurrent.CompletableFuture$AsyncSupply.run(CompletableFuture.java)
	at java.base/java.util.concurrent.ThreadPoolExecutor.runWorker(ThreadPoolExecutor.java:1144)
	at java.base/java.util.concurrent.ThreadPoolExecutor$Worker.run(ThreadPoolExecutor.java:642)
	at java.base/java.lang.Thread.run(Thread.java:1583)
[21:30:46] [Render thread/INFO] (Minecraft) [System] [CHAT] Идет проверка, пожалуйста, подождите...
[21:30:49] [Render thread/INFO] (Minecraft) [System] [CHAT] \nВведите пожалуйста капчу в чат\n
[21:30:52] [Render thread/INFO] (Minecraft) [System] [CHAT] Неправильно
[21:31:00] [Render thread/INFO] (Minecraft) [System] [CHAT]  Проверка прошла успешно, добро пожаловать!
[21:31:00] [Render thread/INFO] (Minecraft) [System] [CHAT] ᴀᴜᴛʜ » Авторизируйтесь командой /login <пароль>
[21:31:03] [Render thread/INFO] (Minecraft) [System] [CHAT] ᴀᴜᴛʜ » Авторизируйтесь командой /login <пароль>
[21:31:06] [Render thread/INFO] (Minecraft) [System] [CHAT] ᴀᴜᴛʜ » Вы успешно авторизовались
[21:31:09] [Render thread/INFO] (Minecraft) [System] [CHAT] You are already trying to connect to a server!
[21:31:13] [Render thread/INFO] (Minecraft) [System] [CHAT] You are already trying to connect to a server!
[21:31:14] [Render thread/INFO] (Minecraft) [System] [CHAT] Unable to connect you to duels. Please try again later.
[21:31:46] [Rich-ConfigAutoSaver/INFO] (Minecraft) [STDOUT]: [42m[30m[1m AutoConfiguration: autoconfig.json saved successfully! [0m
[21:33:16] [Rich-ConfigAutoSaver/INFO] (Minecraft) [STDOUT]: [42m[30m[1m AutoConfiguration: autoconfig.json saved successfully! [0m
[21:34:46] [Rich-ConfigAutoSaver/INFO] (Minecraft) [STDOUT]: [42m[30m[1m AutoConfiguration: autoconfig.json saved successfully! [0m
[21:36:12] [Render thread/INFO] (Minecraft) [System] [CHAT] ᴀᴜᴛʜ » Вы уже авторизованы
[21:36:16] [Rich-ConfigAutoSaver/INFO] (Minecraft) [STDOUT]: [42m[30m[1m AutoConfiguration: autoconfig.json saved successfully! [0m
[21:37:06] [Render thread/WARN] (Minecraft) Client disconnected with reason: Proxy shutting down.
[21:37:42] [Render thread/INFO] (Minecraft) Connecting to d19.aurorix.net, 25526
[21:37:43] [Download-29/ERROR] (Minecraft) Failed to retrieve profile key pair
com.mojang.authlib.exceptions.MinecraftClientHttpException: Status: 401
	at knot//com.mojang.authlib.minecraft.client.MinecraftClient.readInputStream(MinecraftClient.java:103)
	at knot//com.mojang.authlib.minecraft.client.MinecraftClient.post(MinecraftClient.java:64)
	at knot//com.mojang.authlib.yggdrasil.YggdrasilUserApiService.getKeyPair(YggdrasilUserApiService.java:61)
	at knot//net.minecraft.client.session.ProfileKeysImpl.fetchKeyPair(ProfileKeysImpl.java:128)
	at knot//net.minecraft.client.session.ProfileKeysImpl.method_44291(ProfileKeysImpl.java:77)
	at java.base/java.util.concurrent.CompletableFuture$AsyncSupply.run$$$capture(CompletableFuture.java:1768)
	at java.base/java.util.concurrent.CompletableFuture$AsyncSupply.run(CompletableFuture.java)
	at java.base/java.util.concurrent.ThreadPoolExecutor.runWorker(ThreadPoolExecutor.java:1144)
	at java.base/java.util.concurrent.ThreadPoolExecutor$Worker.run(ThreadPoolExecutor.java:642)
	at java.base/java.lang.Thread.run(Thread.java:1583)
[21:37:44] [Render thread/INFO] (Minecraft) [System] [CHAT] Идет проверка, пожалуйста, подождите...
[21:37:46] [Rich-ConfigAutoSaver/INFO] (Minecraft) [STDOUT]: [42m[30m[1m AutoConfiguration: autoconfig.json saved successfully! [0m
[21:37:47] [Render thread/INFO] (Minecraft) [System] [CHAT] \nВведите пожалуйста капчу в чат\n
[21:37:52] [Render thread/INFO] (Minecraft) [System] [CHAT] Неправильно
[21:37:55] [Render thread/INFO] (Minecraft) [System] [CHAT]  Проверка прошла успешно, добро пожаловать!
[21:37:56] [Render thread/INFO] (Minecraft) [System] [CHAT] ᴀᴜᴛʜ » Авторизируйтесь командой /login <пароль>
[21:37:58] [Render thread/INFO] (Minecraft) [System] [CHAT] ᴀᴜᴛʜ » Авторизируйтесь командой /login <пароль>
[21:37:59] [Render thread/INFO] (Minecraft) [System] [CHAT] ᴀᴜᴛʜ » Вы успешно авторизовались
[21:38:05] [Render thread/INFO] (Minecraft) [System] [CHAT] You are already trying to connect to a server!
[21:38:06] [Render thread/INFO] (Minecraft) [System] [CHAT] You are already trying to connect to a server!
[21:38:06] [Render thread/INFO] (Minecraft) [System] [CHAT] You are already trying to connect to a server!
[21:38:07] [Render thread/INFO] (Minecraft) [System] [CHAT] You are already trying to connect to a server!
[21:39:16] [Rich-ConfigAutoSaver/INFO] (Minecraft) [STDOUT]: [42m[30m[1m AutoConfiguration: autoconfig.json saved successfully! [0m
[21:40:46] [Rich-ConfigAutoSaver/INFO] (Minecraft) [STDOUT]: [42m[30m[1m AutoConfiguration: autoconfig.json saved successfully! [0m
[21:42:16] [Rich-ConfigAutoSaver/INFO] (Minecraft) [STDOUT]: [42m[30m[1m AutoConfiguration: autoconfig.json saved successfully! [0m
[21:43:46] [Rich-ConfigAutoSaver/INFO] (Minecraft) [STDOUT]: [42m[30m[1m AutoConfiguration: autoconfig.json saved successfully! [0m
[21:45:16] [Rich-ConfigAutoSaver/INFO] (Minecraft) [STDOUT]: [42m[30m[1m AutoConfiguration: autoconfig.json saved successfully! [0m
[21:46:46] [Rich-ConfigAutoSaver/INFO] (Minecraft) [STDOUT]: [42m[30m[1m AutoConfiguration: autoconfig.json saved successfully! [0m
[21:48:16] [Rich-ConfigAutoSaver/INFO] (Minecraft) [STDOUT]: [42m[30m[1m AutoConfiguration: autoconfig.json saved successfully! [0m
[21:49:46] [Rich-ConfigAutoSaver/INFO] (Minecraft) [STDOUT]: [42m[30m[1m AutoConfiguration: autoconfig.json saved successfully! [0m
[21:51:16] [Rich-ConfigAutoSaver/INFO] (Minecraft) [STDOUT]: [42m[30m[1m AutoConfiguration: autoconfig.json saved successfully! [0m
[21:52:39] [Render thread/INFO] (Minecraft) [STDOUT]: [42m[30m[1m AccountConfig: accounts.json loaded successfully! [0m
[21:52:46] [Rich-ConfigAutoSaver/INFO] (Minecraft) [STDOUT]: [42m[30m[1m AutoConfiguration: autoconfig.json saved successfully! [0m
[21:52:51] [Render thread/INFO] (Minecraft) [STDOUT]: [42m[30m[1m AutoConfiguration: autoconfig.json saved successfully! [0m
[21:52:51] [Render thread/INFO] (Minecraft) [STDOUT]: [42m[30m[1m AutoConfiguration: Shutdown complete! [0m
[21:52:51] [Render thread/INFO] (Minecraft) Stopping!
[21:52:52] [Rich-ConfigShutdown/INFO] (Minecraft) [STDOUT]: [44m[97m[1m AutoConfiguration: Shutdown detected, saving... [0m
